# JRE version: OpenJDK Runtime Environment (19.0.2+7) (build 19.0.2+7-44)
# Java VM: OpenJDK 64-Bit Server VM (19.0.2+7-44, mixed mode, emulated-client, sharing, tiered, compressed oops, compressed class ptrs, g1 gc, windows-amd64)
GC Precious Log:
 CardTable entry size: 512
 Card Set container configuration: InlinePtr #cards 5 size 8 Array Of Cards #cards 12 size 40 Howl #buckets 4 coarsen threshold 1843 Howl Bitmap #cards 512 size 80 coarsen threshold 460 Card regions per heap region 1 cards per card region 2048
 CPUs: 4 total, 4 available
 Memory: 8023M
 Large Page Support: Disabled
 NUMA Support: Disabled
 Compressed Oops: Enabled (32-bit)
 Heap Region Size: 1M
 Heap Min Capacity: 8M
 Heap Initial Capacity: 126M
 Heap Max Capacity: 2006M
 Pre-touch: Disabled
 Parallel Workers: 4
 Concurrent Workers: 1
 Concurrent Refinement Workers: 4
 Periodic GC: Disabled
Heap:
 garbage-first heap   total 163840K, used 80710K [0x0000000082a00000, 0x0000000100000000)
  region size 1024K, 35 young (35840K), 1 survivors (1024K)
 Metaspace       used 82781K, committed 83392K, reserved 1179648K
  class space    used 11437K, committed 11712K, reserved 1048576K
GC Heap History (20 events):
Event: 28.218 GC heap before
{Heap before GC invocations=25 (full 0):
 garbage-first heap   total 156672K, used 133379K [0x0000000082a00000, 0x0000000100000000)
  region size 1024K, 89 young (91136K), 5 survivors (5120K)
 Metaspace       used 51765K, committed 52288K, reserved 1114112K
  class space    used 6923K, committed 7168K, reserved 1048576K
}
Event: 28.230 GC heap after
{Heap after GC invocations=26 (full 0):
 garbage-first heap   total 156672K, used 53551K [0x0000000082a00000, 0x0000000100000000)
  region size 1024K, 11 young (11264K), 11 survivors (11264K)
 Metaspace       used 51765K, committed 52288K, reserved 1114112K
  class space    used 6923K, committed 7168K, reserved 1048576K
}
Event: 28.231 GC heap before
{Heap before GC invocations=26 (full 0):
 garbage-first heap   total 156672K, used 54575K [0x0000000082a00000, 0x0000000100000000)
  region size 1024K, 12 young (12288K), 11 survivors (11264K)
 Metaspace       used 51772K, committed 52288K, reserved 1114112K
  class space    used 6924K, committed 7168K, reserved 1048576K
}
Event: 28.242 GC heap after
{Heap after GC invocations=27 (full 0):
 garbage-first heap   total 156672K, used 54299K [0x0000000082a00000, 0x0000000100000000)
  region size 1024K, 2 young (2048K), 2 survivors (2048K)
 Metaspace       used 51772K, committed 52288K, reserved 1114112K
  class space    used 6924K, committed 7168K, reserved 1048576K
}
Event: 29.205 GC heap before
{Heap before GC invocations=27 (full 0):
 garbage-first heap   total 156672K, used 129051K [0x0000000082a00000, 0x0000000100000000)
  region size 1024K, 76 young (77824K), 2 survivors (2048K)
 Metaspace       used 58586K, committed 59008K, reserved 1114112K
  class space    used 7936K, committed 8128K, reserved 1048576K
}
Event: 29.209 GC heap after
{Heap after GC invocations=28 (full 0):
 garbage-first heap   total 156672K, used 54889K [0x0000000082a00000, 0x0000000100000000)
  region size 1024K, 2 young (2048K), 2 survivors (2048K)
 Metaspace       used 58586K, committed 59008K, reserved 1114112K
  class space    used 7936K, committed 8128K, reserved 1048576K
}
Event: 29.612 GC heap before
{Heap before GC invocations=28 (full 0):
 garbage-first heap   total 156672K, used 68201K [0x0000000082a00000, 0x0000000100000000)
  region size 1024K, 16 young (16384K), 2 survivors (2048K)
 Metaspace       used 60714K, committed 61120K, reserved 1114112K
  class space    used 8308K, committed 8512K, reserved 1048576K
}
Event: 29.615 GC heap after
{Heap after GC invocations=29 (full 0):
 garbage-first heap   total 156672K, used 55352K [0x0000000082a00000, 0x0000000100000000)
  region size 1024K, 3 young (3072K), 3 survivors (3072K)
 Metaspace       used 60714K, committed 61120K, reserved 1114112K
  class space    used 8308K, committed 8512K, reserved 1048576K
}
Event: 31.282 GC heap before
{Heap before GC invocations=30 (full 0):
 garbage-first heap   total 156672K, used 129080K [0x0000000082a00000, 0x0000000100000000)
  region size 1024K, 77 young (78848K), 3 survivors (3072K)
 Metaspace       used 68622K, committed 69184K, reserved 1114112K
  class space    used 9444K, committed 9728K, reserved 1048576K
}
Event: 31.292 GC heap after
{Heap after GC invocations=31 (full 0):
 garbage-first heap   total 156672K, used 58276K [0x0000000082a00000, 0x0000000100000000)
  region size 1024K, 8 young (8192K), 8 survivors (8192K)
 Metaspace       used 68622K, committed 69184K, reserved 1114112K
  class space    used 9444K, committed 9728K, reserved 1048576K
}
Event: 31.320 GC heap before
{Heap before GC invocations=31 (full 0):
 garbage-first heap   total 156672K, used 59300K [0x0000000082a00000, 0x0000000100000000)
  region size 1024K, 9 young (9216K), 8 survivors (8192K)
 Metaspace       used 68765K, committed 69312K, reserved 1114112K
  class space    used 9463K, committed 9728K, reserved 1048576K
}
Event: 31.331 GC heap after
{Heap after GC invocations=32 (full 0):
 garbage-first heap   total 156672K, used 46024K [0x0000000082a00000, 0x0000000100000000)
  region size 1024K, 1 young (1024K), 1 survivors (1024K)
 Metaspace       used 68765K, committed 69312K, reserved 1114112K
  class space    used 9463K, committed 9728K, reserved 1048576K
}
Event: 244.148 GC heap before
{Heap before GC invocations=32 (full 0):
 garbage-first heap   total 156672K, used 126920K [0x0000000082a00000, 0x0000000100000000)
  region size 1024K, 81 young (82944K), 1 survivors (1024K)
 Metaspace       used 78084K, committed 78784K, reserved 1179648K
  class space    used 10707K, committed 11008K, reserved 1048576K
}
Event: 244.156 GC heap after
{Heap after GC invocations=33 (full 0):
 garbage-first heap   total 156672K, used 50193K [0x0000000082a00000, 0x0000000100000000)
  region size 1024K, 6 young (6144K), 6 survivors (6144K)
 Metaspace       used 78084K, committed 78784K, reserved 1179648K
  class space    used 10707K, committed 11008K, reserved 1048576K
}
Event: 277.977 GC heap before
{Heap before GC invocations=33 (full 0):
 garbage-first heap   total 156672K, used 89105K [0x0000000082a00000, 0x0000000100000000)
  region size 1024K, 46 young (47104K), 6 survivors (6144K)
 Metaspace       used 81426K, committed 82112K, reserved 1179648K
  class space    used 11178K, committed 11520K, reserved 1048576K
}
Event: 277.986 GC heap after
{Heap after GC invocations=34 (full 0):
 garbage-first heap   total 156672K, used 51340K [0x0000000082a00000, 0x0000000100000000)
  region size 1024K, 7 young (7168K), 7 survivors (7168K)
 Metaspace       used 81426K, committed 82112K, reserved 1179648K
  class space    used 11178K, committed 11520K, reserved 1048576K
}
Event: 316.833 GC heap before
{Heap before GC invocations=35 (full 0):
 garbage-first heap   total 156672K, used 154764K [0x0000000082a00000, 0x0000000100000000)
  region size 1024K, 39 young (39936K), 7 survivors (7168K)
 Metaspace       used 82052K, committed 82624K, reserved 1179648K
  class space    used 11295K, committed 11584K, reserved 1048576K
}
Event: 316.842 GC heap after
{Heap after GC invocations=36 (full 0):
 garbage-first heap   total 163840K, used 51933K [0x0000000082a00000, 0x0000000100000000)
  region size 1024K, 3 young (3072K), 3 survivors (3072K)
 Metaspace       used 82052K, committed 82624K, reserved 1179648K
  class space    used 11295K, committed 11584K, reserved 1048576K
}
Event: 316.938 GC heap before
{Heap before GC invocations=36 (full 0):
 garbage-first heap   total 163840K, used 57053K [0x0000000082a00000, 0x0000000100000000)
  region size 1024K, 8 young (8192K), 3 survivors (3072K)
 Metaspace       used 82569K, committed 83200K, reserved 1179648K
  class space    used 11406K, committed 11712K, reserved 1048576K
}
Event: 316.944 GC heap after
{Heap after GC invocations=37 (full 0):
 garbage-first heap   total 163840K, used 47942K [0x0000000082a00000, 0x0000000100000000)
  region size 1024K, 1 young (1024K), 1 survivors (1024K)
 Metaspace       used 82569K, committed 83200K, reserved 1179648K
  class space    used 11406K, committed 11712K, reserved 1048576K
}

